<?xml version="1.0" encoding="UTF-8"?>
<!-- Generated by org.testng.reporters.JUnitReportReporter -->
<testsuite hostname="SubhanPC" failures="0" tests="1" name="My_Package.Elemental_Selenium" time="2.855" errors="0" timestamp="2024-07-06T19:10:25 IST" skipped="0">
  <testcase classname="My_Package.Elemental_Selenium" name="tc1" time="2.855"/>
  <system-out/>
</testsuite> <!-- My_Package.Elemental_Selenium -->
