<?xml version="1.0" encoding="UTF-8"?>
<!-- Generated by org.testng.reporters.JUnitReportReporter -->
<testsuite hostname="SubhanPC" failures="0" tests="1" name="My_Package.Handling_iframes" time="2.654" errors="0" timestamp="2024-07-06T18:15:33 IST" skipped="0">
  <testcase classname="My_Package.Handling_iframes" name="tc1" time="2.654"/>
  <system-out/>
</testsuite> <!-- My_Package.Handling_iframes -->
