<?xml version="1.0" encoding="UTF-8"?>
<!-- Generated by org.testng.reporters.JUnitReportReporter -->
<testsuite hostname="SubhanPC" failures="0" tests="1" name="My_Package.Handling_Alerts" time="6.913" errors="0" timestamp="2024-07-06T16:50:39 IST" skipped="0">
  <testcase classname="My_Package.Handling_Alerts" name="tc1" time="6.913"/>
  <system-out/>
</testsuite> <!-- My_Package.Handling_Alerts -->
